<?xml version="1.0" encoding="UTF-8"?>
<testsuite xmlns:xsi="http://www.w3.org/2001/XMLSchema-instance" xsi:noNamespaceSchemaLocation="https://maven.apache.org/surefire/maven-surefire-plugin/xsd/surefire-test-report-3.0.xsd" version="3.0" name="TestRunner.TestRun" time="94.635" tests="1" errors="0" skipped="0" failures="0">
  <properties>
[...]
</properties>
  <testcase name="Successful Login with Valid Credentials" classname="Login" time="86.378">
    <system-out><![CDATA[Setup method executed... 
[DEBUG] Removing resolution chrome=108 from cache (expired on Tue Dec 06 13:23:02 IST 2022)
[DEBUG] ex-0000000001 preparing request execution
[DEBUG] ex-0000000001 Cookie spec selected: strict
[DEBUG] ex-0000000001 Auth cache not set in the context
[DEBUG] ex-0000000001 target auth state: UNCHALLENGED
[DEBUG] ex-0000000001 proxy auth state: UNCHALLENGED
[DEBUG] ex-0000000001 acquiring connection with route {s}->https://raw.githubusercontent.com:443
[DEBUG] ex-0000000001 acquiring endpoint (3 MINUTES)
[DEBUG] ex-0000000001 endpoint lease request (3 MINUTES) [route: {s}->https://raw.githubusercontent.com:443][total available: 0; route allocated: 0 of 5; total allocated: 0 of 25]
[DEBUG] ex-0000000001 endpoint leased [route: {s}->https://raw.githubusercontent.com:443][total available: 0; route allocated: 1 of 5; total allocated: 1 of 25]
[DEBUG] ex-0000000001 acquired ep-0000000000
[DEBUG] ex-0000000001 acquired endpoint ep-0000000000
[DEBUG] ex-0000000001 opening connection {s}->https://raw.githubusercontent.com:443
[DEBUG] ep-0000000000 connecting endpoint (30 SECONDS)
[DEBUG] ep-0000000000 connecting endpoint to https://raw.githubusercontent.com:443 (30 SECONDS)
[DEBUG] http-outgoing-0 connecting to raw.githubusercontent.com/49.44.79.236:443
[DEBUG] Connecting socket to raw.githubusercontent.com/49.44.79.236:443 with timeout 30 SECONDS
[DEBUG] http-outgoing-0 connect to raw.githubusercontent.com/49.44.79.236:443 timed out. Connection will be retried using another IP address
[DEBUG] http-outgoing-0 connecting to raw.githubusercontent.com/2405:200:1607:2820:41:0:0:36:443
[DEBUG] Connecting socket to raw.githubusercontent.com/2405:200:1607:2820:41:0:0:36:443 with timeout 30 SECONDS
[DEBUG] http-outgoing-0 close connection IMMEDIATE
[DEBUG] ep-0000000000 endpoint closed
[DEBUG] ep-0000000000 discarding endpoint
[DEBUG] ep-0000000000 releasing endpoint
[DEBUG] ep-0000000000 connection is not kept alive
[DEBUG] ep-0000000000 connection released [route: {s}->https://raw.githubusercontent.com:443][total available: 0; route allocated: 0 of 5; total allocated: 0 of 25]
[WARN] Error reading commands.properties, using local instead
[DEBUG] Detecting chrome version using online commands.properties
[DEBUG] Running command on the shell: [cmd.exe, /C, wmic, datafile, where, name="%PROGRAMFILES:\=\\%\\Google\\Chrome\\Application\\chrome.exe", get, Version, /value]
[DEBUG] Result: Version=108.0.5359.94
[DEBUG] Resolution chrome108=108.0.5359.71 in cache (valid until 00:17:26 07/12/2022 IST)
[INFO] Using chromedriver 108.0.5359.71 (resolved driver for Chrome 108)
[DEBUG] Storing resolution chrome=108 in cache (valid until 20:23:19 06/12/2022 IST)
[DEBUG] Driver chromedriver 108.0.5359.71 found in cache
[INFO] Exporting webdriver.chrome.driver as C:\Users\Shree\.cache\selenium\chromedriver\win32\108.0.5359.71\chromedriver.exe
This is before step....
This is after step....
This is before step....
This is after step....
This is before step....
This is after step....
This is before step....
This is after step....
This is before step....
This is after step....
This is before step....
This is after step....
This is before step....
This is after step....
This is before step....
This is after step....
Tear Down method exicuted...
]]></system-out>
    <system-err><![CDATA[Starting ChromeDriver 108.0.5359.71 (1e0e3868ee06e91ad636a874420e3ca3ae3756ac-refs/branch-heads/5359@{#1016}) on port 21421
Only local connections are allowed.
Please see https://chromedriver.chromium.org/security-considerations for suggestions on keeping ChromeDriver safe.
ChromeDriver was started successfully.
Dec 06, 2022 7:23:34 PM org.openqa.selenium.remote.ProtocolHandshake createSession
INFO: Detected dialect: W3C
]]></system-err>
  </testcase>
</testsuite>